<?xml version="1.0" encoding="UTF-8"?>
<!-- Generated by org.testng.reporters.JUnitReportReporter -->
<testsuite skipped="0" hostname="DESKTOP-D69MGO4" name="testCases.DELETE_WithoutJason" tests="1" failures="0" timestamp="29 Jun 2021 03:03:17 GMT" time="2.129" errors="0">
  <testcase name="Delete_product" time="2.129" classname="testCases.DELETE_WithoutJason"/>
</testsuite> <!-- testCases.DELETE_WithoutJason -->
