<?xml version="1.0" encoding="UTF-8"?>
<!-- Generated by org.testng.reporters.JUnitReportReporter -->
<testsuite skipped="0" hostname="DESKTOP-D69MGO4" name="testCases.POST_CREATE_Product" tests="1" failures="0" timestamp="26 Jun 2021 17:17:52 GMT" time="5.995" errors="0">
  <testcase name="read_All_Products" time="5.995" classname="testCases.POST_CREATE_Product"/>
</testsuite> <!-- testCases.POST_CREATE_Product -->
