<?xml version="1.0" encoding="UTF-8"?>
<!-- Generated by org.testng.reporters.JUnitReportReporter -->
<testsuite skipped="0" hostname="DESKTOP-D69MGO4" name="testCases.GET_READ_ALL_Products" tests="1" failures="0" timestamp="26 Jun 2021 14:37:41 GMT" time="2.331" errors="0">
  <testcase name="read_All_Products" time="2.331" classname="testCases.GET_READ_ALL_Products"/>
</testsuite> <!-- testCases.GET_READ_ALL_Products -->
