<?xml version="1.0" encoding="UTF-8"?>
<!-- Generated by org.testng.reporters.JUnitReportReporter -->
<testsuite skipped="0" hostname="DESKTOP-D69MGO4" name="testCases.DELETE_product" tests="1" failures="0" timestamp="02 Jul 2021 23:58:42 GMT" time="5.203" errors="0">
  <testcase name="Delete_product" time="5.203" classname="testCases.DELETE_product"/>
</testsuite> <!-- testCases.DELETE_product -->
