<?xml version="1.0" encoding="UTF-8"?>
<!-- Generated by org.testng.reporters.JUnitReportReporter -->
<testsuite skipped="0" hostname="DESKTOP-D69MGO4" name="testCases.GET_READ_Product" tests="1" failures="0" timestamp="26 Jun 2021 05:55:46 GMT" time="2.925" errors="0">
  <testcase name="read_one_Product" time="2.925" classname="testCases.GET_READ_Product"/>
</testsuite> <!-- testCases.GET_READ_Product -->
